TN:
SF:src/App.js
FN:4,App
FNF:1
FNH:1
FNDA:1,App
DA:5,1
LF:1
LH:1
BRF:0
BRH:0
end_of_record
TN:
SF:src/index.js
FNF:0
FNH:0
DA:5,1
LF:1
LH:1
BRF:0
BRH:0
end_of_record
TN:
SF:src/components/CardItem/index.js
FN:4,(anonymous_0)
FNF:1
FNH:1
FNDA:1,(anonymous_0)
DA:4,3
DA:5,1
LF:2
LH:2
BRF:0
BRH:0
end_of_record
TN:
SF:src/components/CardItem/style.js
FNF:0
FNH:0
DA:3,3
LF:1
LH:1
BRF:0
BRH:0
end_of_record
TN:
SF:src/components/Usercard/index.js
FN:6,(anonymous_0)
FN:11,(anonymous_1)
FN:13,(anonymous_2)
FN:19,(anonymous_3)
FN:21,(anonymous_4)
FN:22,(anonymous_5)
FN:29,(anonymous_6)
FN:36,(anonymous_7)
FN:39,(anonymous_8)
FNF:9
FNH:2
FNDA:1,(anonymous_0)
FNDA:0,(anonymous_1)
FNDA:0,(anonymous_2)
FNDA:1,(anonymous_3)
FNDA:0,(anonymous_4)
FNDA:0,(anonymous_5)
FNDA:0,(anonymous_6)
FNDA:0,(anonymous_7)
FNDA:0,(anonymous_8)
DA:6,2
DA:7,1
DA:8,1
DA:9,1
DA:11,1
DA:12,0
DA:13,0
DA:14,0
DA:15,0
DA:19,1
DA:20,1
DA:22,0
DA:30,0
DA:34,1
DA:37,0
DA:40,0
LF:16
LH:8
BRF:0
BRH:0
end_of_record
TN:
SF:src/components/Usercard/style.js
FNF:0
FNH:0
DA:3,2
DA:27,2
DA:35,2
LF:3
LH:3
BRF:0
BRH:0
end_of_record
